<?xml version="1.0" encoding="UTF-8"?>
<!-- Generated by org.testng.reporters.JUnitXMLReporter -->
<testsuite hostname="Lois-MBP" ignored="0" name="test1" tests="3" failures="0" timestamp="02 Feb 2021 13:53:29 GMT" time="75.676" errors="0">
  <testcase name="amazoneShoppingTCs" time="8.783" classname="suite.regression.UI.ShoppingOnAmazoneTC">
    <skipped/>
  </testcase> <!-- amazoneShoppingTCs -->
  <testcase name="amazoneShoppingTCs" time="9.115" classname="suite.regression.UI.ShoppingOnAmazoneTC">
    <skipped/>
  </testcase> <!-- amazoneShoppingTCs -->
  <testcase name="amazoneShoppingTCs" time="41.244" classname="suite.regression.UI.ShoppingOnAmazoneTC"/>
</testsuite> <!-- test1 -->
